# JRE version: OpenJDK Runtime Environment (8.0_212-b01) (build 1.8.0_212-8u212-b01-1~deb9u1-b01)
# Java VM: OpenJDK 64-Bit Server VM (25.212-b01 mixed mode linux-amd64 compressed oops)
Heap:
 PSYoungGen      total 188928K, used 64181K [0x00000000d6e00000, 0x00000000e4800000, 0x0000000100000000)
  eden space 179712K, 30% used [0x00000000d6e00000,0x00000000da400be8,0x00000000e1d80000)
  from space 9216K, 96% used [0x00000000e3780000,0x00000000e402c890,0x00000000e4080000)
  to   space 7680K, 0% used [0x00000000e4080000,0x00000000e4080000,0x00000000e4800000)
 ParOldGen       total 133120K, used 30840K [0x0000000084a00000, 0x000000008cc00000, 0x00000000d6e00000)
  object space 133120K, 23% used [0x0000000084a00000,0x000000008681e020,0x000000008cc00000)
 Metaspace       used 79662K, capacity 85142K, committed 85464K, reserved 1124352K
  class space    used 9800K, capacity 10906K, committed 11008K, reserved 1048576K
GC Heap History (10 events):
Event: 24468,658 GC heap before
{Heap before GC invocations=96 (full 31):
 PSYoungGen      total 220672K, used 220379K [0x00000000d6e00000, 0x00000000e6380000, 0x0000000100000000)
  eden space 212480K, 100% used [0x00000000d6e00000,0x00000000e3d80000,0x00000000e3d80000)
  from space 8192K, 96% used [0x00000000e5b80000,0x00000000e6336c20,0x00000000e6380000)
  to   space 13824K, 0% used [0x00000000e4880000,0x00000000e4880000,0x00000000e5600000)
 ParOldGen       total 133120K, used 30816K [0x0000000084a00000, 0x000000008cc00000, 0x00000000d6e00000)
  object space 133120K, 23% used [0x0000000084a00000,0x0000000086818020,0x000000008cc00000)
 Metaspace       used 79605K, capacity 85142K, committed 85464K, reserved 1124352K
  class space    used 9796K, capacity 10906K, committed 11008K, reserved 1048576K
Event: 24472,499 GC heap after
Heap after GC invocations=96 (full 31):
 PSYoungGen      total 213504K, used 7850K [0x00000000d6e00000, 0x00000000e5c00000, 0x0000000100000000)
  eden space 205312K, 0% used [0x00000000d6e00000,0x00000000d6e00000,0x00000000e3680000)
  from space 8192K, 95% used [0x00000000e4880000,0x00000000e502a9f0,0x00000000e5080000)
  to   space 11776K, 0% used [0x00000000e5080000,0x00000000e5080000,0x00000000e5c00000)
 ParOldGen       total 133120K, used 30824K [0x0000000084a00000, 0x000000008cc00000, 0x00000000d6e00000)
  object space 133120K, 23% used [0x0000000084a00000,0x000000008681a020,0x000000008cc00000)
 Metaspace       used 79605K, capacity 85142K, committed 85464K, reserved 1124352K
  class space    used 9796K, capacity 10906K, committed 11008K, reserved 1048576K
}
Event: 26322,475 GC heap before
{Heap before GC invocations=97 (full 31):
 PSYoungGen      total 213504K, used 213162K [0x00000000d6e00000, 0x00000000e5c00000, 0x0000000100000000)
  eden space 205312K, 100% used [0x00000000d6e00000,0x00000000e3680000,0x00000000e3680000)
  from space 8192K, 95% used [0x00000000e4880000,0x00000000e502a9f0,0x00000000e5080000)
  to   space 11776K, 0% used [0x00000000e5080000,0x00000000e5080000,0x00000000e5c00000)
 ParOldGen       total 133120K, used 30824K [0x0000000084a00000, 0x000000008cc00000, 0x00000000d6e00000)
  object space 133120K, 23% used [0x0000000084a00000,0x000000008681a020,0x000000008cc00000)
 Metaspace       used 79611K, capacity 85142K, committed 85464K, reserved 1124352K
  class space    used 9796K, capacity 10906K, committed 11008K, reserved 1048576K
Event: 26322,550 GC heap after
Heap after GC invocations=97 (full 31):
 PSYoungGen      total 206848K, used 7899K [0x00000000d6e00000, 0x00000000e5880000, 0x0000000100000000)
  eden space 198656K, 0% used [0x00000000d6e00000,0x00000000d6e00000,0x00000000e3000000)
  from space 8192K, 96% used [0x00000000e5080000,0x00000000e5836c20,0x00000000e5880000)
  to   space 12800K, 0% used [0x00000000e3f80000,0x00000000e3f80000,0x00000000e4c00000)
 ParOldGen       total 133120K, used 30832K [0x0000000084a00000, 0x000000008cc00000, 0x00000000d6e00000)
  object space 133120K, 23% used [0x0000000084a00000,0x000000008681c020,0x000000008cc00000)
 Metaspace       used 79611K, capacity 85142K, committed 85464K, reserved 1124352K
  class space    used 9796K, capacity 10906K, committed 11008K, reserved 1048576K
}
Event: 28812,772 GC heap before
{Heap before GC invocations=98 (full 31):
 PSYoungGen      total 206848K, used 206555K [0x00000000d6e00000, 0x00000000e5880000, 0x0000000100000000)
  eden space 198656K, 100% used [0x00000000d6e00000,0x00000000e3000000,0x00000000e3000000)
  from space 8192K, 96% used [0x00000000e5080000,0x00000000e5836c20,0x00000000e5880000)
  to   space 12800K, 0% used [0x00000000e3f80000,0x00000000e3f80000,0x00000000e4c00000)
 ParOldGen       total 133120K, used 30832K [0x0000000084a00000, 0x000000008cc00000, 0x00000000d6e00000)
  object space 133120K, 23% used [0x0000000084a00000,0x000000008681c020,0x000000008cc00000)
 Metaspace       used 79613K, capacity 85142K, committed 85464K, reserved 1124352K
  class space    used 9796K, capacity 10906K, committed 11008K, reserved 1048576K
Event: 28813,541 GC heap after
Heap after GC invocations=98 (full 31):
 PSYoungGen      total 200192K, used 7900K [0x00000000d6e00000, 0x00000000e5100000, 0x0000000100000000)
  eden space 192000K, 0% used [0x00000000d6e00000,0x00000000d6e00000,0x00000000e2980000)
  from space 8192K, 96% used [0x00000000e3f80000,0x00000000e4737080,0x00000000e4780000)
  to   space 9728K, 0% used [0x00000000e4780000,0x00000000e4780000,0x00000000e5100000)
 ParOldGen       total 133120K, used 30832K [0x0000000084a00000, 0x000000008cc00000, 0x00000000d6e00000)
  object space 133120K, 23% used [0x0000000084a00000,0x000000008681c020,0x000000008cc00000)
 Metaspace       used 79613K, capacity 85142K, committed 85464K, reserved 1124352K
  class space    used 9796K, capacity 10906K, committed 11008K, reserved 1048576K
}
Event: 30371,943 GC heap before
{Heap before GC invocations=99 (full 31):
 PSYoungGen      total 200192K, used 199900K [0x00000000d6e00000, 0x00000000e5100000, 0x0000000100000000)
  eden space 192000K, 100% used [0x00000000d6e00000,0x00000000e2980000,0x00000000e2980000)
  from space 8192K, 96% used [0x00000000e3f80000,0x00000000e4737080,0x00000000e4780000)
  to   space 9728K, 0% used [0x00000000e4780000,0x00000000e4780000,0x00000000e5100000)
 ParOldGen       total 133120K, used 30832K [0x0000000084a00000, 0x000000008cc00000, 0x00000000d6e00000)
  object space 133120K, 23% used [0x0000000084a00000,0x000000008681c020,0x000000008cc00000)
 Metaspace       used 79614K, capacity 85142K, committed 85464K, reserved 1124352K
  class space    used 9796K, capacity 10906K, committed 11008K, reserved 1048576K
Event: 30371,966 GC heap after
Heap after GC invocations=99 (full 31):
 PSYoungGen      total 194048K, used 7931K [0x00000000d6e00000, 0x00000000e4f80000, 0x0000000100000000)
  eden space 185856K, 0% used [0x00000000d6e00000,0x00000000d6e00000,0x00000000e2380000)
  from space 8192K, 96% used [0x00000000e4780000,0x00000000e4f3ec20,0x00000000e4f80000)
  to   space 12288K, 0% used [0x00000000e3780000,0x00000000e3780000,0x00000000e4380000)
 ParOldGen       total 133120K, used 30832K [0x0000000084a00000, 0x000000008cc00000, 0x00000000d6e00000)
  object space 133120K, 23% used [0x0000000084a00000,0x000000008681c020,0x000000008cc00000)
 Metaspace       used 79614K, capacity 85142K, committed 85464K, reserved 1124352K
  class space    used 9796K, capacity 10906K, committed 11008K, reserved 1048576K
}
Event: 33809,954 GC heap before
{Heap before GC invocations=100 (full 31):
 PSYoungGen      total 194048K, used 193787K [0x00000000d6e00000, 0x00000000e4f80000, 0x0000000100000000)
  eden space 185856K, 100% used [0x00000000d6e00000,0x00000000e2380000,0x00000000e2380000)
  from space 8192K, 96% used [0x00000000e4780000,0x00000000e4f3ec20,0x00000000e4f80000)
  to   space 12288K, 0% used [0x00000000e3780000,0x00000000e3780000,0x00000000e4380000)
 ParOldGen       total 133120K, used 30832K [0x0000000084a00000, 0x000000008cc00000, 0x00000000d6e00000)
  object space 133120K, 23% used [0x0000000084a00000,0x000000008681c020,0x000000008cc00000)
 Metaspace       used 79662K, capacity 85142K, committed 85464K, reserved 1124352K
  class space    used 9800K, capacity 10906K, committed 11008K, reserved 1048576K
Event: 33812,066 GC heap after
Heap after GC invocations=100 (full 31):
 PSYoungGen      total 188928K, used 8882K [0x00000000d6e00000, 0x00000000e4800000, 0x0000000100000000)
  eden space 179712K, 0% used [0x00000000d6e00000,0x00000000d6e00000,0x00000000e1d80000)
  from space 9216K, 96% used [0x00000000e3780000,0x00000000e402c890,0x00000000e4080000)
  to   space 7680K, 0% used [0x00000000e4080000,0x00000000e4080000,0x00000000e4800000)
 ParOldGen       total 133120K, used 30840K [0x0000000084a00000, 0x000000008cc00000, 0x00000000d6e00000)
  object space 133120K, 23% used [0x0000000084a00000,0x000000008681e020,0x000000008cc00000)
 Metaspace       used 79662K, capacity 85142K, committed 85464K, reserved 1124352K
  class space    used 9800K, capacity 10906K, committed 11008K, reserved 1048576K
}

